<?xml version="1.0" encoding="UTF-8" ?>
<testsuite tests="5" failures="0" name="TestSuite" time="31.797" errors="0" skipped="0">
  <properties>
    <property name="java.runtime.name" value="Java(TM) SE Runtime Environment"/>
    <property name="sun.boot.library.path" value="D:\java\jre1.8.0_121\bin"/>
    <property name="java.vm.version" value="25.121-b13"/>
    <property name="java.vm.vendor" value="Oracle Corporation"/>
    <property name="java.vendor.url" value="http://java.oracle.com/"/>
    <property name="path.separator" value=";"/>
    <property name="guice.disable.misplaced.annotation.check" value="true"/>
    <property name="java.vm.name" value="Java HotSpot(TM) 64-Bit Server VM"/>
    <property name="file.encoding.pkg" value="sun.io"/>
    <property name="user.script" value=""/>
    <property name="user.country" value="CN"/>
    <property name="sun.java.launcher" value="SUN_STANDARD"/>
    <property name="sun.os.patch.level" value=""/>
    <property name="java.vm.specification.name" value="Java Virtual Machine Specification"/>
    <property name="user.dir" value="D:\java\workspace\ehospital2_auto"/>
    <property name="java.runtime.version" value="1.8.0_121-b13"/>
    <property name="java.awt.graphicsenv" value="sun.awt.Win32GraphicsEnvironment"/>
    <property name="java.endorsed.dirs" value="D:\java\jre1.8.0_121\lib\endorsed"/>
    <property name="os.arch" value="amd64"/>
    <property name="java.io.tmpdir" value="C:\Users\ADMINI~1\AppData\Local\Temp\"/>
    <property name="line.separator" value="
"/>
    <property name="java.vm.specification.vendor" value="Oracle Corporation"/>
    <property name="user.variant" value=""/>
    <property name="os.name" value="Windows 10"/>
    <property name="classworlds.conf" value="D:\java\workspace\.metadata\.plugins\org.eclipse.m2e.launching\launches\m2conf6060131768209205889.tmp"/>
    <property name="sun.jnu.encoding" value="GBK"/>
    <property name="java.library.path" value="D:\java\jre1.8.0_121\bin;C:\WINDOWS\Sun\Java\bin;C:\WINDOWS\system32;C:\WINDOWS;D:/java/jre1.8.0_121/bin/server;D:/java/jre1.8.0_121/bin;D:/java/jre1.8.0_121/lib/amd64;C:\ProgramData\Oracle\Java\javapath;C:\WINDOWS\system32;C:\WINDOWS;C:\WINDOWS\System32\Wbem;C:\WINDOWS\System32\WindowsPowerShell\v1.0\;C:\Program Files\WIDCOMM\Bluetooth Software\;C:\Program Files\WIDCOMM\Bluetooth Software\syswow64;D:\java\jdk1.8.0_121\bin;D:\java\jdk1.8.0_121\jre\bin;C:\Python27\;C:\Python27\Scripts;D:\ruanjian\Git1\cmd;C:\Program Files (x86)\Git\cmd;C:\Program Files (x86)\GitExtensions\;D:\ruanjian\TortoiseGit\bin;D:\java\nodejs\;C:\Users\Administrator\AppData\Roaming\npm;D:\java\apache-tomcat-9.0.0.M26\webapps\Jenkins;D:\java\apache-ant-1.10.1\bin;D:\java\apache-tomcat-9.0.0.M26\bin;D:\java\apache-tomcat-9.0.0.M26\lib;C:\Users\Administrator\AppData\Local\Microsoft\WindowsApps;C:\Users\Administrator\AppData\Roaming\npm;D:\java\eclipse;;."/>
    <property name="java.specification.name" value="Java Platform API Specification"/>
    <property name="java.class.version" value="52.0"/>
    <property name="sun.management.compiler" value="HotSpot 64-Bit Tiered Compilers"/>
    <property name="os.version" value="10.0"/>
    <property name="user.home" value="C:\Users\Administrator"/>
    <property name="user.timezone" value="Asia/Shanghai"/>
    <property name="java.awt.printerjob" value="sun.awt.windows.WPrinterJob"/>
    <property name="java.specification.version" value="1.8"/>
    <property name="file.encoding" value="utf-8"/>
    <property name="user.name" value="Administrator"/>
    <property name="java.class.path" value="/D:/java/eclipse/plugins/org.eclipse.m2e.maven.runtime_1.5.0.20140605-2032/jars/plexus-classworlds-2.5.1.jar"/>
    <property name="org.slf4j.simpleLogger.defaultLogLevel" value="info"/>
    <property name="java.vm.specification.version" value="1.8"/>
    <property name="sun.arch.data.model" value="64"/>
    <property name="java.home" value="D:\java\jre1.8.0_121"/>
    <property name="sun.java.command" value="org.codehaus.plexus.classworlds.launcher.Launcher -B install"/>
    <property name="java.specification.vendor" value="Oracle Corporation"/>
    <property name="user.language" value="zh"/>
    <property name="awt.toolkit" value="sun.awt.windows.WToolkit"/>
    <property name="java.vm.info" value="mixed mode"/>
    <property name="java.version" value="1.8.0_121"/>
    <property name="java.ext.dirs" value="D:\java\jre1.8.0_121\lib\ext;C:\WINDOWS\Sun\Java\lib\ext"/>
    <property name="sun.boot.class.path" value="D:\java\jre1.8.0_121\lib\resources.jar;D:\java\jre1.8.0_121\lib\rt.jar;D:\java\jre1.8.0_121\lib\sunrsasign.jar;D:\java\jre1.8.0_121\lib\jsse.jar;D:\java\jre1.8.0_121\lib\jce.jar;D:\java\jre1.8.0_121\lib\charsets.jar;D:\java\jre1.8.0_121\lib\jfr.jar;D:\java\jre1.8.0_121\classes"/>
    <property name="java.vendor" value="Oracle Corporation"/>
    <property name="maven.home" value="D:\java\workspace\ehospital2_auto\EMBEDDED"/>
    <property name="file.separator" value="\"/>
    <property name="java.vendor.url.bug" value="http://bugreport.sun.com/bugreport/"/>
    <property name="sun.cpu.endian" value="little"/>
    <property name="sun.io.unicode.encoding" value="UnicodeLittle"/>
    <property name="sun.desktop" value="windows"/>
    <property name="sun.cpu.isalist" value="amd64"/>
  </properties>
  <testcase classname="com.witontek.ehospital2.test.DepartmentManageTest" name="searchDepartmentCategoryByName" time="4.405"/>
  <testcase classname="com.witontek.ehospital2.test.DoctorManageTest" name="searchDocManDoctor" time="3.843"/>
  <testcase classname="com.witontek.ehospital2.test.HospitalInformationTest" name="updateHospitalInformation" time="5.759"/>
  <testcase classname="com.witontek.ehospital2.test.LoginTest" name="loginSuccess" time="14.542"/>
  <testcase classname="com.witontek.ehospital2.test.SubscriptionManageTest" name="selectSubscriptionDate" time="3.248"/>
</testsuite>