<?xml version="1.0" encoding="UTF-8" ?>
<testsuite tests="4" failures="0" name="TestSuite" time="125.502" errors="0" skipped="0">
  <properties>
    <property name="PROCESSOR_ARCHITECTURE" value="AMD64"/>
    <property name="file.encoding.pkg" value="sun.io"/>
    <property name="LOGONSERVER" value="\\DESKTOP-26I71CM"/>
    <property name="ProgramData" value="C:\ProgramData"/>
    <property name="java.home" value="D:\java\jdk1.8.0_144\jre"/>
    <property name="TITLE" value="Tomcat"/>
    <property name="NODE_NAME" value="master"/>
    <property name="CATALINA_HOME" value="D:\java\apache-tomcat-9.0.0.M26"/>
    <property name="ALLUSERSPROFILE" value="C:\ProgramData"/>
    <property name="java.endorsed.dirs" value="D:\java\jdk1.8.0_144\jre\lib\endorsed"/>
    <property name="PSModulePath" value="C:\Program Files (x86)\WindowsPowerShell\Modules;C:\Windows\system32\WindowsPowerShell\v1.0\Modules;D:\java\AutoIt3\AutoItX"/>
    <property name="=::" value="::\"/>
    <property name="USERDOMAIN" value="DESKTOP-26I71CM"/>
    <property name="sun.os.patch.level" value=""/>
    <property name="java.vendor.url" value="http://java.oracle.com/"/>
    <property name="JAVA_OPTS" value="&quot;-Dhudson.model.DirectoryBrowserSupport.CSP=\&quot;sandbox; default-src &apos;self&apos;;\&quot;&quot; &quot;-Djdk.tls.ephemeralDHKeySize=2048&quot; -Djava.protocol.handler.pkgs=org.apache.catalina.webresources"/>
    <property name="CommonProgramFiles(x86)" value="C:\Program Files (x86)\Common Files"/>
    <property name="java.version" value="1.8.0_144"/>
    <property name="JOB_NAME" value="eHospital2"/>
    <property name="COMPUTERNAME" value="DESKTOP-26I71CM"/>
    <property name="EXECUTABLE" value="D:\java\apache-tomcat-9.0.0.M26\bin\catalina.bat"/>
    <property name="java.vendor.url.bug" value="http://bugreport.sun.com/bugreport/"/>
    <property name="PUBLIC" value="C:\Users\Public"/>
    <property name="user.name" value="ningjing"/>
    <property name="sun.io.unicode.encoding" value="UnicodeLittle"/>
    <property name="sun.jnu.encoding" value="GBK"/>
    <property name="java.runtime.name" value="Java(TM) SE Runtime Environment"/>
    <property name="windir" value="C:\Windows"/>
    <property name="PROCESSOR_IDENTIFIER" value="Intel64 Family 6 Model 58 Stepping 9, GenuineIntel"/>
    <property name="surefire.test.class.path" value="D:\java\workspace\ehospital2_auto\target\test-classes;D:\java\workspace\ehospital2_auto\target\classes;C:\Users\ningjing\.m2\repository\org\seleniumhq\selenium\selenium-java\3.4.0\selenium-java-3.4.0.jar;C:\Users\ningjing\.m2\repository\org\seleniumhq\selenium\selenium-api\3.4.0\selenium-api-3.4.0.jar;C:\Users\ningjing\.m2\repository\org\seleniumhq\selenium\selenium-chrome-driver\3.4.0\selenium-chrome-driver-3.4.0.jar;C:\Users\ningjing\.m2\repository\org\seleniumhq\selenium\selenium-edge-driver\3.4.0\selenium-edge-driver-3.4.0.jar;C:\Users\ningjing\.m2\repository\org\seleniumhq\selenium\selenium-firefox-driver\3.4.0\selenium-firefox-driver-3.4.0.jar;C:\Users\ningjing\.m2\repository\org\seleniumhq\selenium\selenium-ie-driver\3.4.0\selenium-ie-driver-3.4.0.jar;C:\Users\ningjing\.m2\repository\org\seleniumhq\selenium\selenium-opera-driver\3.4.0\selenium-opera-driver-3.4.0.jar;C:\Users\ningjing\.m2\repository\org\seleniumhq\selenium\selenium-remote-driver\3.4.0\selenium-remote-driver-3.4.0.jar;C:\Users\ningjing\.m2\repository\org\seleniumhq\selenium\selenium-safari-driver\3.4.0\selenium-safari-driver-3.4.0.jar;C:\Users\ningjing\.m2\repository\org\seleniumhq\selenium\selenium-support\3.4.0\selenium-support-3.4.0.jar;C:\Users\ningjing\.m2\repository\cglib\cglib-nodep\3.2.4\cglib-nodep-3.2.4.jar;C:\Users\ningjing\.m2\repository\org\apache\commons\commons-exec\1.3\commons-exec-1.3.jar;C:\Users\ningjing\.m2\repository\org\apache\commons\commons-lang3\3.5\commons-lang3-3.5.jar;C:\Users\ningjing\.m2\repository\commons-codec\commons-codec\1.10\commons-codec-1.10.jar;C:\Users\ningjing\.m2\repository\commons-io\commons-io\2.5\commons-io-2.5.jar;C:\Users\ningjing\.m2\repository\commons-logging\commons-logging\1.2\commons-logging-1.2.jar;C:\Users\ningjing\.m2\repository\org\w3c\css\sac\1.3\sac-1.3.jar;C:\Users\ningjing\.m2\repository\net\sourceforge\cssparser\cssparser\0.9.22\cssparser-0.9.22.jar;C:\Users\ningjing\.m2\repository\com\google\code\gson\gson\2.8.0\gson-2.8.0.jar;C:\Users\ningjing\.m2\repository\com\google\guava\guava\21.0\guava-21.0.jar;C:\Users\ningjing\.m2\repository\org\hamcrest\hamcrest-core\1.3\hamcrest-core-1.3.jar;C:\Users\ningjing\.m2\repository\net\sourceforge\htmlunit\htmlunit\2.26\htmlunit-2.26.jar;C:\Users\ningjing\.m2\repository\net\sourceforge\htmlunit\htmlunit-core-js\2.26\htmlunit-core-js-2.26.jar;C:\Users\ningjing\.m2\repository\net\sourceforge\htmlunit\neko-htmlunit\2.25\neko-htmlunit-2.25.jar;C:\Users\ningjing\.m2\repository\org\apache\httpcomponents\httpclient\4.5.3\httpclient-4.5.3.jar;C:\Users\ningjing\.m2\repository\org\apache\httpcomponents\httpcore\4.4.6\httpcore-4.4.6.jar;C:\Users\ningjing\.m2\repository\org\apache\httpcomponents\httpmime\4.5.3\httpmime-4.5.3.jar;C:\Users\ningjing\.m2\repository\org\eclipse\jetty\jetty-io\9.4.1.v20170120\jetty-io-9.4.1.v20170120.jar;C:\Users\ningjing\.m2\repository\org\eclipse\jetty\jetty-util\9.4.1.v20170120\jetty-util-9.4.1.v20170120.jar;C:\Users\ningjing\.m2\repository\net\java\dev\jna\jna\4.1.0\jna-4.1.0.jar;C:\Users\ningjing\.m2\repository\net\java\dev\jna\jna-platform\4.1.0\jna-platform-4.1.0.jar;C:\Users\ningjing\.m2\repository\junit\junit\4.12\junit-4.12.jar;C:\Users\ningjing\.m2\repository\com\codeborne\phantomjsdriver\1.4.0\phantomjsdriver-1.4.0.jar;C:\Users\ningjing\.m2\repository\org\seleniumhq\selenium\htmlunit-driver\2.26\htmlunit-driver-2.26.jar;C:\Users\ningjing\.m2\repository\javax\servlet\javax.servlet-api\3.1.0\javax.servlet-api-3.1.0.jar;C:\Users\ningjing\.m2\repository\org\eclipse\jetty\websocket\websocket-api\9.4.3.v20170317\websocket-api-9.4.3.v20170317.jar;C:\Users\ningjing\.m2\repository\org\eclipse\jetty\websocket\websocket-client\9.4.3.v20170317\websocket-client-9.4.3.v20170317.jar;C:\Users\ningjing\.m2\repository\org\eclipse\jetty\jetty-client\9.4.3.v20170317\jetty-client-9.4.3.v20170317.jar;C:\Users\ningjing\.m2\repository\org\eclipse\jetty\jetty-http\9.4.3.v20170317\jetty-http-9.4.3.v20170317.jar;C:\Users\ningjing\.m2\repository\org\eclipse\jetty\websocket\websocket-common\9.4.3.v20170317\websocket-common-9.4.3.v20170317.jar;C:\Users\ningjing\.m2\repository\xalan\serializer\2.7.2\serializer-2.7.2.jar;C:\Users\ningjing\.m2\repository\xalan\xalan\2.7.2\xalan-2.7.2.jar;C:\Users\ningjing\.m2\repository\xerces\xercesImpl\2.11.0\xercesImpl-2.11.0.jar;C:\Users\ningjing\.m2\repository\xml-apis\xml-apis\1.4.01\xml-apis-1.4.01.jar;C:\Users\ningjing\.m2\repository\org\testng\testng\6.11\testng-6.11.jar;C:\Users\ningjing\.m2\repository\com\beust\jcommander\1.64\jcommander-1.64.jar;C:\Users\ningjing\.m2\repository\org\yaml\snakeyaml\1.17\snakeyaml-1.17.jar;C:\Users\ningjing\.m2\repository\org\apache\poi\poi\3.16\poi-3.16.jar;C:\Users\ningjing\.m2\repository\org\apache\commons\commons-collections4\4.1\commons-collections4-4.1.jar;C:\Users\ningjing\.m2\repository\org\apache\poi\poi-ooxml\3.16\poi-ooxml-3.16.jar;C:\Users\ningjing\.m2\repository\org\apache\poi\poi-ooxml-schemas\3.16\poi-ooxml-schemas-3.16.jar;C:\Users\ningjing\.m2\repository\org\apache\xmlbeans\xmlbeans\2.6.0\xmlbeans-2.6.0.jar;C:\Users\ningjing\.m2\repository\stax\stax-api\1.0.1\stax-api-1.0.1.jar;C:\Users\ningjing\.m2\repository\com\github\virtuald\curvesapi\1.04\curvesapi-1.04.jar;C:\Users\ningjing\.m2\repository\dom4j\dom4j\1.6.1\dom4j-1.6.1.jar;C:\Users\ningjing\.m2\repository\org\apache\logging\log4j\log4j-api\2.8.1\log4j-api-2.8.1.jar;C:\Users\ningjing\.m2\repository\org\apache\logging\log4j\log4j-core\2.8.1\log4j-core-2.8.1.jar;C:\Users\ningjing\.m2\repository\org\uncommons\reportng\1.1.4\reportng-1.1.4.jar;C:\Users\ningjing\.m2\repository\velocity\velocity\1.4\velocity-1.4.jar;C:\Users\ningjing\.m2\repository\velocity\velocity-dep\1.4\velocity-dep-1.4.jar;C:\Users\ningjing\.m2\repository\org\apache\velocity\velocity\1.7\velocity-1.7.jar;C:\Users\ningjing\.m2\repository\commons-collections\commons-collections\3.2.1\commons-collections-3.2.1.jar;C:\Users\ningjing\.m2\repository\commons-lang\commons-lang\2.4\commons-lang-2.4.jar;C:\Users\ningjing\.m2\repository\com\google\inject\guice\4.1.0\guice-4.1.0.jar;C:\Users\ningjing\.m2\repository\javax\inject\javax.inject\1\javax.inject-1.jar;C:\Users\ningjing\.m2\repository\aopalliance\aopalliance\1.0\aopalliance-1.0.jar;C:\Users\ningjing\.m2\repository\org\postgresql\postgresql\9.4-1201-jdbc41\postgresql-9.4-1201-jdbc41.jar;"/>
    <property name="java.specification.name" value="Java Platform API Specification"/>
    <property name="LOCALAPPDATA" value="C:\Users\ningjing\AppData\Local"/>
    <property name="RUN_CHANGES_DISPLAY_URL" value="http://unconfigured-jenkins-location/job/eHospital2/11/display/redirect?page=changes"/>
    <property name="user.timezone" value="Asia/Shanghai"/>
    <property name="user.script" value=""/>
    <property name="path.separator" value=";"/>
    <property name="NUMBER_OF_PROCESSORS" value="4"/>
    <property name="BUILD_TAG" value="jenkins-eHospital2-11"/>
    <property name="file.encoding" value="GBK"/>
    <property name="sun.java.command" value="jenkins.maven3.agent.Maven35Main D:\java\apache-maven-3.5.0 D:\java\apache-tomcat-9.0.0.M26\webapps\jenkins\WEB-INF\lib\remoting-3.10.2.jar C:\Users\ningjing\.jenkins\plugins\maven-plugin\WEB-INF\lib\maven35-interceptor-1.12-alpha-1.jar C:\Users\ningjing\.jenkins\plugins\maven-plugin\WEB-INF\lib\maven3-interceptor-commons-1.12-alpha-1.jar 51316"/>
    <property name="JENKINS_SERVER_COOKIE" value="95a17604a310abd4"/>
    <property name="=D:" value="D:\java\apache-tomcat-9.0.0.M26\bin"/>
    <property name="EXECUTOR_NUMBER" value="0"/>
    <property name="Path" value="D:\java\jdk1.8.0_144/bin;C:\ProgramData\Oracle\Java\javapath;C:\Windows\system32;C:\Windows;C:\Windows\System32\Wbem;C:\Windows\System32\WindowsPowerShell\v1.0\;D:\java\jdk1.8.0_144\bin;D:\java\nodejs\;D:\java\apache-maven-3.5.0\bin;D:\Ruanjian\GitExtensions\;C:\Users\ningjing\AppData\Local\Microsoft\WindowsApps;C:\Users\ningjing\AppData\Roaming\npm"/>
    <property name="java.io.tmpdir" value="C:\Users\ningjing\AppData\Local\Temp\"/>
    <property name="APPDATA" value="C:\Users\ningjing\AppData\Roaming"/>
    <property name="user.language" value="zh"/>
    <property name="CATALINA_TMPDIR" value="D:\java\apache-tomcat-9.0.0.M26\temp"/>
    <property name="line.separator" value="
"/>
    <property name="ACTION" value="start"/>
    <property name="M2_HOME" value="D:\java\apache-maven-3.5.0"/>
    <property name="java.vm.info" value="mixed mode"/>
    <property name="sun.desktop" value="windows"/>
    <property name="java.vm.specification.name" value="Java Virtual Machine Specification"/>
    <property name="localRepository" value="C:\Users\ningjing\.m2\repository"/>
    <property name="BUILD_DISPLAY_NAME" value="#11"/>
    <property name="OS" value="Windows_NT"/>
    <property name="guice.disable.misplaced.annotation.check" value="true"/>
    <property name="CATALINA_BASE" value="D:\java\apache-tomcat-9.0.0.M26"/>
    <property name="HUDSON_SERVER_COOKIE" value="95a17604a310abd4"/>
    <property name="JRE_HOME" value="D:\java\jdk1.8.0_144"/>
    <property name="_EXECJAVA" value="start &quot;Tomcat&quot; &quot;D:\java\jdk1.8.0_144\bin\java.exe&quot;"/>
    <property name="_RUNJAVA" value="&quot;D:\java\jdk1.8.0_144\bin\java.exe&quot;"/>
    <property name="MAVEN_HOME" value="D:\java\apache-maven-3.5.0"/>
    <property name="SESSIONNAME" value="Console"/>
    <property name="PATHEXT" value=".COM;.EXE;.BAT;.CMD;.VBS;.VBE;.JS;.JSE;.WSF;.WSH;.MSC"/>
    <property name="java.awt.printerjob" value="sun.awt.windows.WPrinterJob"/>
    <property name="maven3.interceptor.common" value="C:\Users\ningjing\.jenkins\plugins\maven-plugin\WEB-INF\lib\maven3-interceptor-commons-1.12-alpha-1.jar"/>
    <property name="CLASSPATH" value=""/>
    <property name="LOGGING_CONFIG" value="-Djava.util.logging.config.file=&quot;D:\java\apache-tomcat-9.0.0.M26\conf\logging.properties&quot;"/>
    <property name="HOMEPATH" value="\Users\ningjing"/>
    <property name="os.name" value="Windows 10"/>
    <property name="java.specification.vendor" value="Oracle Corporation"/>
    <property name="java.vm.name" value="Java HotSpot(TM) 64-Bit Server VM"/>
    <property name="BUILD_NUMBER" value="11"/>
    <property name="maven3.interceptor" value="C:\Users\ningjing\.jenkins\plugins\maven-plugin\WEB-INF\lib\maven35-interceptor-1.12-alpha-1.jar"/>
    <property name="java.library.path" value="D:\java\jdk1.8.0_144\bin;C:\Windows\Sun\Java\bin;C:\Windows\system32;C:\Windows;D:\java\apache-maven-3.5.0/bin;D:\java\jdk1.8.0_144/bin;D:\java\jdk1.8.0_144/bin;C:\ProgramData\Oracle\Java\javapath;C:\Windows\system32;C:\Windows;C:\Windows\System32\Wbem;C:\Windows\System32\WindowsPowerShell\v1.0\;D:\java\jdk1.8.0_144\bin;D:\java\nodejs\;D:\java\apache-maven-3.5.0\bin;D:\Ruanjian\GitExtensions\;C:\Users\ningjing\AppData\Local\Microsoft\WindowsApps;C:\Users\ningjing\AppData\Roaming\npm;."/>
    <property name="HOMEDRIVE" value="C:"/>
    <property name="POM_GROUPID" value="com.witontek"/>
    <property name="POM_ARTIFACTID" value="ehospital2"/>
    <property name="basedir" value="D:\java\workspace\ehospital2_auto"/>
    <property name="java.class.version" value="52.0"/>
    <property name="JSSE_OPTS" value="&quot;-Djdk.tls.ephemeralDHKeySize=2048&quot;"/>
    <property name="LOGGING_MANAGER" value="-Djava.util.logging.manager=org.apache.juli.ClassLoaderLogManager"/>
    <property name="_RUNJDB" value="&quot;D:\java\jdk1.8.0_144\bin\jdb.exe&quot;"/>
    <property name="OneDrive" value="C:\Users\ningjing\OneDrive"/>
    <property name="RUN_DISPLAY_URL" value="http://unconfigured-jenkins-location/job/eHospital2/11/display/redirect"/>
    <property name="MAINCLASS" value="org.apache.catalina.startup.Bootstrap"/>
    <property name="JENKINS_HOME" value="C:\Users\ningjing\.jenkins"/>
    <property name="BUILD_ID" value="11"/>
    <property name="TEMP" value="C:\Users\ningjing\AppData\Local\Temp"/>
    <property name="sun.boot.library.path" value="D:\java\jdk1.8.0_144\jre\bin"/>
    <property name="JDK_JAVA_OPTIONS" value=" --add-opens=java.base/java.lang=ALL-UNNAMED --add-opens=java.rmi/sun.rmi.transport=ALL-UNNAMED"/>
    <property name="sun.management.compiler" value="HotSpot 64-Bit Tiered Compilers"/>
    <property name="java.awt.graphicsenv" value="sun.awt.Win32GraphicsEnvironment"/>
    <property name="user.variant" value=""/>
    <property name="PROCESSOR_REVISION" value="3a09"/>
    <property name="POM_VERSION" value="0.0.1-SNAPSHOT"/>
    <property name="HUDSON_HOME" value="C:\Users\ningjing\.jenkins"/>
    <property name="ProgramFiles(x86)" value="C:\Program Files (x86)"/>
    <property name="PATH+MAVEN" value="D:\java\apache-maven-3.5.0/bin"/>
    <property name="USERDOMAIN_ROAMINGPROFILE" value="DESKTOP-26I71CM"/>
    <property name="PROMPT" value="$P$G"/>
    <property name="CURRENT_DIR" value="D:\java\apache-tomcat-9.0.0.M26\bin"/>
    <property name="java.vm.specification.version" value="1.8"/>
    <property name="JAVA_HOME" value="D:\java\jdk1.8.0_144"/>
    <property name="awt.toolkit" value="sun.awt.windows.WToolkit"/>
    <property name="NODE_LABELS" value="master"/>
    <property name="sun.cpu.isalist" value="amd64"/>
    <property name="USERPROFILE" value="C:\Users\ningjing"/>
    <property name="JOB_DISPLAY_URL" value="http://unconfigured-jenkins-location/job/eHospital2/display/redirect"/>
    <property name="java.ext.dirs" value="D:\java\jdk1.8.0_144\jre\lib\ext;C:\Windows\Sun\Java\lib\ext"/>
    <property name="os.version" value="10.0"/>
    <property name="user.home" value="C:\Users\ningjing"/>
    <property name="USERNAME" value="ningjing"/>
    <property name="java.vm.vendor" value="Oracle Corporation"/>
    <property name="PROCESSOR_LEVEL" value="6"/>
    <property name="CommonProgramW6432" value="C:\Program Files\Common Files"/>
    <property name="user.dir" value="D:\java\workspace\ehospital2_auto"/>
    <property name="maven.conf" value="D:\java\apache-maven-3.5.0\conf"/>
    <property name="ProgramW6432" value="C:\Program Files"/>
    <property name="TMP" value="C:\Users\ningjing\AppData\Local\Temp"/>
    <property name="sun.cpu.endian" value="little"/>
    <property name="SystemDrive" value="C:"/>
    <property name="webdriver.chrome.driver" value="D:\java\workspace\ehospital2_auto/webDriver/chromedriver.exe"/>
    <property name="java.vm.version" value="25.144-b01"/>
    <property name="java.class.path" value="C:\Users\ningjing\.jenkins\plugins\maven-plugin\WEB-INF\lib\maven35-agent-1.12-alpha-1.jar;D:\java\apache-maven-3.5.0\boot\plexus-classworlds-2.5.2.jar;D:\java\apache-maven-3.5.0/conf/logging"/>
    <property name="org.slf4j.simpleLogger.defaultLogLevel" value="info"/>
    <property name="org.uncommons.reportng.escape-output" value="false"/>
    <property name="os.arch" value="amd64"/>
    <property name="WORKSPACE" value="C:\Users\ningjing\.jenkins\workspace\eHospital2"/>
    <property name="ComSpec" value="C:\Windows\system32\cmd.exe"/>
    <property name="sun.java.launcher" value="SUN_STANDARD"/>
    <property name="FPS_BROWSER_APP_PROFILE_STRING" value="Internet Explorer"/>
    <property name="SystemRoot" value="C:\Windows"/>
    <property name="CommonProgramFiles" value="C:\Program Files\Common Files"/>
    <property name="java.vm.specification.vendor" value="Oracle Corporation"/>
    <property name="FPS_BROWSER_USER_PROFILE_STRING" value="Default"/>
    <property name="file.separator" value="\"/>
    <property name="java.runtime.version" value="1.8.0_144-b01"/>
    <property name="ProgramFiles" value="C:\Program Files"/>
    <property name="sun.boot.class.path" value="D:\java\jdk1.8.0_144\jre\lib\resources.jar;D:\java\jdk1.8.0_144\jre\lib\rt.jar;D:\java\jdk1.8.0_144\jre\lib\sunrsasign.jar;D:\java\jdk1.8.0_144\jre\lib\jsse.jar;D:\java\jdk1.8.0_144\jre\lib\jce.jar;D:\java\jdk1.8.0_144\jre\lib\charsets.jar;D:\java\jdk1.8.0_144\jre\lib\jfr.jar;D:\java\jdk1.8.0_144\jre\classes"/>
    <property name="jnidispatch.path" value="C:\Users\ningjing\AppData\Local\Temp\jna-381806060\jna4509294880193390336.dll"/>
    <property name="PATH+JDK" value="D:\java\jdk1.8.0_144/bin"/>
    <property name="user.country" value="CN"/>
    <property name="POM_PACKAGING" value="jar"/>
    <property name="maven.home" value="D:\java\apache-maven-3.5.0"/>
    <property name="JOB_BASE_NAME" value="eHospital2"/>
    <property name="java.vendor" value="Oracle Corporation"/>
    <property name="java.specification.version" value="1.8"/>
    <property name="POM_DISPLAYNAME" value="ehospital2"/>
    <property name="sun.arch.data.model" value="64"/>
  </properties>
  <testcase name="insertAppraise" time="11.013"/>
  <testcase name="insertAndContinueAppraise" time="14.763"/>
  <testcase name="searchAppraise" time="2.463"/>
  <testcase name="deleteAppraise" time="29.272"/>
</testsuite>