<?xml version="1.0" encoding="UTF-8" ?>
<testsuite tests="4" failures="2" name="TestSuite" time="163.151" errors="0" skipped="0">
  <properties>
    <property name="java.runtime.name" value="Java(TM) SE Runtime Environment"/>
    <property name="sun.boot.library.path" value="D:\java\jdk1.8.0_144\jre\bin"/>
    <property name="java.vm.version" value="25.144-b01"/>
    <property name="java.vm.vendor" value="Oracle Corporation"/>
    <property name="maven.multiModuleProjectDirectory" value="C:\Users\ningjing\.jenkins\workspace\eHospital2"/>
    <property name="java.vendor.url" value="http://java.oracle.com/"/>
    <property name="path.separator" value=";"/>
    <property name="guice.disable.misplaced.annotation.check" value="true"/>
    <property name="java.vm.name" value="Java HotSpot(TM) 64-Bit Server VM"/>
    <property name="file.encoding.pkg" value="sun.io"/>
    <property name="user.script" value=""/>
    <property name="user.country" value="CN"/>
    <property name="sun.java.launcher" value="SUN_STANDARD"/>
    <property name="sun.os.patch.level" value=""/>
    <property name="java.vm.specification.name" value="Java Virtual Machine Specification"/>
    <property name="user.dir" value="D:\java\workspace\ehospital2_auto"/>
    <property name="java.runtime.version" value="1.8.0_144-b01"/>
    <property name="java.awt.graphicsenv" value="sun.awt.Win32GraphicsEnvironment"/>
    <property name="basedir" value="D:\java\workspace\ehospital2_auto"/>
    <property name="java.endorsed.dirs" value="D:\java\jdk1.8.0_144\jre\lib\endorsed"/>
    <property name="os.arch" value="amd64"/>
    <property name="java.io.tmpdir" value="C:\Users\ningjing\AppData\Local\Temp\"/>
    <property name="line.separator" value="
"/>
    <property name="java.vm.specification.vendor" value="Oracle Corporation"/>
    <property name="user.variant" value=""/>
    <property name="os.name" value="Windows 10"/>
    <property name="classworlds.conf" value="D:\java\apache-maven-3.5.0\bin\..\bin\m2.conf"/>
    <property name="sun.jnu.encoding" value="GBK"/>
    <property name="jnidispatch.path" value="C:\Users\ningjing\AppData\Local\Temp\jna-381806060\jna3428005297271909852.dll"/>
    <property name="java.library.path" value="D:\java\jdk1.8.0_144\bin;C:\Windows\Sun\Java\bin;C:\Windows\system32;C:\Windows;D:\java\apache-maven-3.5.0/bin;D:\java\jdk1.8.0_144/bin;D:\java\jdk1.8.0_144/bin;C:\ProgramData\Oracle\Java\javapath;C:\Windows\system32;C:\Windows;C:\Windows\System32\Wbem;C:\Windows\System32\WindowsPowerShell\v1.0\;D:\java\jdk1.8.0_144\bin;D:\java\nodejs\;D:\java\apache-maven-3.5.0\bin;D:\Ruanjian\GitExtensions\;C:\Users\ningjing\AppData\Local\Microsoft\WindowsApps;C:\Users\ningjing\AppData\Roaming\npm;."/>
    <property name="surefire.test.class.path" value="D:\java\workspace\ehospital2_auto\target\test-classes;D:\java\workspace\ehospital2_auto\target\classes;C:\Users\ningjing\.m2\repository\org\seleniumhq\selenium\selenium-java\3.4.0\selenium-java-3.4.0.jar;C:\Users\ningjing\.m2\repository\org\seleniumhq\selenium\selenium-api\3.4.0\selenium-api-3.4.0.jar;C:\Users\ningjing\.m2\repository\org\seleniumhq\selenium\selenium-chrome-driver\3.4.0\selenium-chrome-driver-3.4.0.jar;C:\Users\ningjing\.m2\repository\org\seleniumhq\selenium\selenium-edge-driver\3.4.0\selenium-edge-driver-3.4.0.jar;C:\Users\ningjing\.m2\repository\org\seleniumhq\selenium\selenium-firefox-driver\3.4.0\selenium-firefox-driver-3.4.0.jar;C:\Users\ningjing\.m2\repository\org\seleniumhq\selenium\selenium-ie-driver\3.4.0\selenium-ie-driver-3.4.0.jar;C:\Users\ningjing\.m2\repository\org\seleniumhq\selenium\selenium-opera-driver\3.4.0\selenium-opera-driver-3.4.0.jar;C:\Users\ningjing\.m2\repository\org\seleniumhq\selenium\selenium-remote-driver\3.4.0\selenium-remote-driver-3.4.0.jar;C:\Users\ningjing\.m2\repository\org\seleniumhq\selenium\selenium-safari-driver\3.4.0\selenium-safari-driver-3.4.0.jar;C:\Users\ningjing\.m2\repository\org\seleniumhq\selenium\selenium-support\3.4.0\selenium-support-3.4.0.jar;C:\Users\ningjing\.m2\repository\cglib\cglib-nodep\3.2.4\cglib-nodep-3.2.4.jar;C:\Users\ningjing\.m2\repository\org\apache\commons\commons-exec\1.3\commons-exec-1.3.jar;C:\Users\ningjing\.m2\repository\org\apache\commons\commons-lang3\3.5\commons-lang3-3.5.jar;C:\Users\ningjing\.m2\repository\commons-codec\commons-codec\1.10\commons-codec-1.10.jar;C:\Users\ningjing\.m2\repository\commons-io\commons-io\2.5\commons-io-2.5.jar;C:\Users\ningjing\.m2\repository\commons-logging\commons-logging\1.2\commons-logging-1.2.jar;C:\Users\ningjing\.m2\repository\org\w3c\css\sac\1.3\sac-1.3.jar;C:\Users\ningjing\.m2\repository\net\sourceforge\cssparser\cssparser\0.9.22\cssparser-0.9.22.jar;C:\Users\ningjing\.m2\repository\com\google\code\gson\gson\2.8.0\gson-2.8.0.jar;C:\Users\ningjing\.m2\repository\com\google\guava\guava\21.0\guava-21.0.jar;C:\Users\ningjing\.m2\repository\org\hamcrest\hamcrest-core\1.3\hamcrest-core-1.3.jar;C:\Users\ningjing\.m2\repository\net\sourceforge\htmlunit\htmlunit\2.26\htmlunit-2.26.jar;C:\Users\ningjing\.m2\repository\net\sourceforge\htmlunit\htmlunit-core-js\2.26\htmlunit-core-js-2.26.jar;C:\Users\ningjing\.m2\repository\net\sourceforge\htmlunit\neko-htmlunit\2.25\neko-htmlunit-2.25.jar;C:\Users\ningjing\.m2\repository\org\apache\httpcomponents\httpclient\4.5.3\httpclient-4.5.3.jar;C:\Users\ningjing\.m2\repository\org\apache\httpcomponents\httpcore\4.4.6\httpcore-4.4.6.jar;C:\Users\ningjing\.m2\repository\org\apache\httpcomponents\httpmime\4.5.3\httpmime-4.5.3.jar;C:\Users\ningjing\.m2\repository\org\eclipse\jetty\jetty-io\9.4.1.v20170120\jetty-io-9.4.1.v20170120.jar;C:\Users\ningjing\.m2\repository\org\eclipse\jetty\jetty-util\9.4.1.v20170120\jetty-util-9.4.1.v20170120.jar;C:\Users\ningjing\.m2\repository\net\java\dev\jna\jna\4.1.0\jna-4.1.0.jar;C:\Users\ningjing\.m2\repository\net\java\dev\jna\jna-platform\4.1.0\jna-platform-4.1.0.jar;C:\Users\ningjing\.m2\repository\junit\junit\4.12\junit-4.12.jar;C:\Users\ningjing\.m2\repository\com\codeborne\phantomjsdriver\1.4.0\phantomjsdriver-1.4.0.jar;C:\Users\ningjing\.m2\repository\org\seleniumhq\selenium\htmlunit-driver\2.26\htmlunit-driver-2.26.jar;C:\Users\ningjing\.m2\repository\javax\servlet\javax.servlet-api\3.1.0\javax.servlet-api-3.1.0.jar;C:\Users\ningjing\.m2\repository\org\eclipse\jetty\websocket\websocket-api\9.4.3.v20170317\websocket-api-9.4.3.v20170317.jar;C:\Users\ningjing\.m2\repository\org\eclipse\jetty\websocket\websocket-client\9.4.3.v20170317\websocket-client-9.4.3.v20170317.jar;C:\Users\ningjing\.m2\repository\org\eclipse\jetty\jetty-client\9.4.3.v20170317\jetty-client-9.4.3.v20170317.jar;C:\Users\ningjing\.m2\repository\org\eclipse\jetty\jetty-http\9.4.3.v20170317\jetty-http-9.4.3.v20170317.jar;C:\Users\ningjing\.m2\repository\org\eclipse\jetty\websocket\websocket-common\9.4.3.v20170317\websocket-common-9.4.3.v20170317.jar;C:\Users\ningjing\.m2\repository\xalan\serializer\2.7.2\serializer-2.7.2.jar;C:\Users\ningjing\.m2\repository\xalan\xalan\2.7.2\xalan-2.7.2.jar;C:\Users\ningjing\.m2\repository\xerces\xercesImpl\2.11.0\xercesImpl-2.11.0.jar;C:\Users\ningjing\.m2\repository\xml-apis\xml-apis\1.4.01\xml-apis-1.4.01.jar;C:\Users\ningjing\.m2\repository\org\testng\testng\6.11\testng-6.11.jar;C:\Users\ningjing\.m2\repository\com\beust\jcommander\1.64\jcommander-1.64.jar;C:\Users\ningjing\.m2\repository\org\yaml\snakeyaml\1.17\snakeyaml-1.17.jar;C:\Users\ningjing\.m2\repository\org\apache\poi\poi\3.16\poi-3.16.jar;C:\Users\ningjing\.m2\repository\org\apache\commons\commons-collections4\4.1\commons-collections4-4.1.jar;C:\Users\ningjing\.m2\repository\org\apache\poi\poi-ooxml\3.16\poi-ooxml-3.16.jar;C:\Users\ningjing\.m2\repository\org\apache\poi\poi-ooxml-schemas\3.16\poi-ooxml-schemas-3.16.jar;C:\Users\ningjing\.m2\repository\org\apache\xmlbeans\xmlbeans\2.6.0\xmlbeans-2.6.0.jar;C:\Users\ningjing\.m2\repository\stax\stax-api\1.0.1\stax-api-1.0.1.jar;C:\Users\ningjing\.m2\repository\com\github\virtuald\curvesapi\1.04\curvesapi-1.04.jar;C:\Users\ningjing\.m2\repository\dom4j\dom4j\1.6.1\dom4j-1.6.1.jar;C:\Users\ningjing\.m2\repository\org\apache\logging\log4j\log4j-api\2.8.1\log4j-api-2.8.1.jar;C:\Users\ningjing\.m2\repository\org\apache\logging\log4j\log4j-core\2.8.1\log4j-core-2.8.1.jar;C:\Users\ningjing\.m2\repository\org\uncommons\reportng\1.1.4\reportng-1.1.4.jar;C:\Users\ningjing\.m2\repository\velocity\velocity\1.4\velocity-1.4.jar;C:\Users\ningjing\.m2\repository\velocity\velocity-dep\1.4\velocity-dep-1.4.jar;C:\Users\ningjing\.m2\repository\org\apache\velocity\velocity\1.7\velocity-1.7.jar;C:\Users\ningjing\.m2\repository\commons-collections\commons-collections\3.2.1\commons-collections-3.2.1.jar;C:\Users\ningjing\.m2\repository\commons-lang\commons-lang\2.4\commons-lang-2.4.jar;C:\Users\ningjing\.m2\repository\com\google\inject\guice\4.1.0\guice-4.1.0.jar;C:\Users\ningjing\.m2\repository\javax\inject\javax.inject\1\javax.inject-1.jar;C:\Users\ningjing\.m2\repository\aopalliance\aopalliance\1.0\aopalliance-1.0.jar;C:\Users\ningjing\.m2\repository\org\postgresql\postgresql\9.4-1201-jdbc41\postgresql-9.4-1201-jdbc41.jar;"/>
    <property name="maven.conf" value="D:\java\apache-maven-3.5.0\bin\../conf"/>
    <property name="java.specification.name" value="Java Platform API Specification"/>
    <property name="java.class.version" value="52.0"/>
    <property name="sun.management.compiler" value="HotSpot 64-Bit Tiered Compilers"/>
    <property name="os.version" value="10.0"/>
    <property name="library.jansi.path" value="D:\java\apache-maven-3.5.0\bin\..\lib\jansi-native\windows64"/>
    <property name="user.home" value="C:\Users\ningjing"/>
    <property name="user.timezone" value="Asia/Shanghai"/>
    <property name="java.awt.printerjob" value="sun.awt.windows.WPrinterJob"/>
    <property name="java.specification.version" value="1.8"/>
    <property name="file.encoding" value="GBK"/>
    <property name="user.name" value="ningjing"/>
    <property name="java.class.path" value="D:\java\apache-maven-3.5.0\bin\..\boot\plexus-classworlds-2.5.2.jar"/>
    <property name="java.vm.specification.version" value="1.8"/>
    <property name="sun.arch.data.model" value="64"/>
    <property name="java.home" value="D:\java\jdk1.8.0_144\jre"/>
    <property name="sun.java.command" value="org.codehaus.plexus.classworlds.launcher.Launcher -f D:\java\workspace\ehospital2_auto\pom.xml test"/>
    <property name="java.specification.vendor" value="Oracle Corporation"/>
    <property name="user.language" value="zh"/>
    <property name="awt.toolkit" value="sun.awt.windows.WToolkit"/>
    <property name="java.vm.info" value="mixed mode"/>
    <property name="java.version" value="1.8.0_144"/>
    <property name="java.ext.dirs" value="D:\java\jdk1.8.0_144\jre\lib\ext;C:\Windows\Sun\Java\lib\ext"/>
    <property name="sun.boot.class.path" value="D:\java\jdk1.8.0_144\jre\lib\resources.jar;D:\java\jdk1.8.0_144\jre\lib\rt.jar;D:\java\jdk1.8.0_144\jre\lib\sunrsasign.jar;D:\java\jdk1.8.0_144\jre\lib\jsse.jar;D:\java\jdk1.8.0_144\jre\lib\jce.jar;D:\java\jdk1.8.0_144\jre\lib\charsets.jar;D:\java\jdk1.8.0_144\jre\lib\jfr.jar;D:\java\jdk1.8.0_144\jre\classes"/>
    <property name="webdriver.chrome.driver" value="D:\java\workspace\ehospital2_auto/webDriver/chromedriver.exe"/>
    <property name="java.vendor" value="Oracle Corporation"/>
    <property name="maven.home" value="D:\java\apache-maven-3.5.0\bin\.."/>
    <property name="org.uncommons.reportng.escape-output" value="false"/>
    <property name="localRepository" value="C:\Users\ningjing\.m2\repository"/>
    <property name="file.separator" value="\"/>
    <property name="java.vendor.url.bug" value="http://bugreport.sun.com/bugreport/"/>
    <property name="sun.cpu.endian" value="little"/>
    <property name="sun.io.unicode.encoding" value="UnicodeLittle"/>
    <property name="sun.desktop" value="windows"/>
    <property name="sun.cpu.isalist" value="amd64"/>
  </properties>
  <testcase name="insertAppraise" time="15.409"/>
  <testcase name="searchAppraise" time="2.622"/>
  <testcase name="updateAppraise" time="9.006">
    <failure message="故意断言失败，并中断执行此用例 expected [2] but found [1]" type="java.lang.AssertionError">java.lang.AssertionError: 故意断言失败，并中断执行此用例 expected [2] but found [1]
	at org.testng.Assert.fail(Assert.java:93)
	at org.testng.Assert.failNotEquals(Assert.java:512)
	at org.testng.Assert.assertEqualsImpl(Assert.java:134)
	at org.testng.Assert.assertEquals(Assert.java:115)
	at org.testng.Assert.assertEquals(Assert.java:388)
	at com.witontek.ehospital2.base.Log.errorShot(Log.java:49)
	at com.witontek.ehospital2.base.AssertUtils.assertActualEqualExpect(AssertUtils.java:19)
	at com.witontek.ehospital2.test.AppraiseManageT.updateAppraise(AppraiseManageT.java:54)
</failure>
  </testcase>
  <testcase name="deleteAppraise" time="40.746">
    <failure message="故意断言失败，并中断执行此用例 expected [2] but found [1]" type="java.lang.AssertionError">java.lang.AssertionError: 故意断言失败，并中断执行此用例 expected [2] but found [1]
	at org.testng.Assert.fail(Assert.java:93)
	at org.testng.Assert.failNotEquals(Assert.java:512)
	at org.testng.Assert.assertEqualsImpl(Assert.java:134)
	at org.testng.Assert.assertEquals(Assert.java:115)
	at org.testng.Assert.assertEquals(Assert.java:388)
	at com.witontek.ehospital2.base.Log.errorShot(Log.java:49)
	at com.witontek.ehospital2.base.WebElementsUtils.click(WebElementsUtils.java:73)
	at com.witontek.ehospital2.page.MainPage.clickAlertCloseButton(MainPage.java:303)
	at com.witontek.ehospital2.business.AppraiseManage.deleteAppraise(AppraiseManage.java:61)
	at com.witontek.ehospital2.test.AppraiseManageT.deleteAppraise(AppraiseManageT.java:67)
</failure>
  </testcase>
</testsuite>