<?xml version="1.0" encoding="UTF-8" ?>
<testsuite tests="12" failures="3" name="TestSuite" time="54.26" errors="0" skipped="3">
  <properties>
    <property name="java.runtime.name" value="Java(TM) SE Runtime Environment"/>
    <property name="sun.boot.library.path" value="D:\java\jdk1.8.0_121\jre\bin"/>
    <property name="java.vm.version" value="25.121-b13"/>
    <property name="java.vm.vendor" value="Oracle Corporation"/>
    <property name="maven.multiModuleProjectDirectory" value="D:\java\apache-tomcat-9.0.0.M26\webapps\Jenkins\workspace\ehospital2_auto"/>
    <property name="java.vendor.url" value="http://java.oracle.com/"/>
    <property name="path.separator" value=";"/>
    <property name="guice.disable.misplaced.annotation.check" value="true"/>
    <property name="java.vm.name" value="Java HotSpot(TM) 64-Bit Server VM"/>
    <property name="file.encoding.pkg" value="sun.io"/>
    <property name="user.script" value=""/>
    <property name="user.country" value="CN"/>
    <property name="sun.java.launcher" value="SUN_STANDARD"/>
    <property name="sun.os.patch.level" value=""/>
    <property name="java.vm.specification.name" value="Java Virtual Machine Specification"/>
    <property name="user.dir" value="D:\java\apache-tomcat-9.0.0.M26\webapps\jenkins\workspace\ehospital2_auto"/>
    <property name="java.runtime.version" value="1.8.0_121-b13"/>
    <property name="java.awt.graphicsenv" value="sun.awt.Win32GraphicsEnvironment"/>
    <property name="java.endorsed.dirs" value="D:\java\jdk1.8.0_121\jre\lib\endorsed"/>
    <property name="os.arch" value="amd64"/>
    <property name="java.io.tmpdir" value="C:\WINDOWS\TEMP\"/>
    <property name="line.separator" value="
"/>
    <property name="java.vm.specification.vendor" value="Oracle Corporation"/>
    <property name="user.variant" value=""/>
    <property name="os.name" value="Windows 10"/>
    <property name="classworlds.conf" value="D:\java\apache-maven-3.5.0\bin\..\bin\m2.conf"/>
    <property name="sun.jnu.encoding" value="GBK"/>
    <property name="java.library.path" value="D:\java\jdk1.8.0_121\bin;C:\WINDOWS\Sun\Java\bin;C:\WINDOWS\system32;C:\WINDOWS;D:\java\apache-maven-3.5.0/bin;D:\java\jdk1.8.0_121/bin;D:\java\jdk1.8.0_121/bin;C:\ProgramData\Oracle\Java\javapath;C:\WINDOWS\system32;C:\WINDOWS;C:\WINDOWS\System32\Wbem;C:\WINDOWS\System32\WindowsPowerShell\v1.0\;C:\Program Files\WIDCOMM\Bluetooth Software\;C:\Program Files\WIDCOMM\Bluetooth Software\syswow64;D:\java\jdk1.8.0_121\bin;D:\java\jdk1.8.0_121\jre\bin;C:\Python27\;C:\Python27\Scripts;D:\ruanjian\Git1\cmd;C:\Program Files (x86)\Git\cmd;C:\Program Files (x86)\GitExtensions\;D:\ruanjian\TortoiseGit\bin;D:\java\nodejs\;C:\Users\Administrator\AppData\Roaming\npm;D:\java\apache-tomcat-9.0.0.M26\webapps\Jenkins;D:\java\apache-ant-1.10.1\bin;D:\java\apache-tomcat-9.0.0.M26\bin;D:\java\apache-tomcat-9.0.0.M26\lib;C:\WINDOWS\system32\config\systemprofile\AppData\Local\Microsoft\WindowsApps;."/>
    <property name="maven.conf" value="D:\java\apache-maven-3.5.0\bin\../conf"/>
    <property name="java.specification.name" value="Java Platform API Specification"/>
    <property name="java.class.version" value="52.0"/>
    <property name="sun.management.compiler" value="HotSpot 64-Bit Tiered Compilers"/>
    <property name="os.version" value="10.0"/>
    <property name="library.jansi.path" value="D:\java\apache-maven-3.5.0\bin\..\lib\jansi-native\windows64"/>
    <property name="user.home" value="C:\WINDOWS\system32\config\systemprofile"/>
    <property name="user.timezone" value="Asia/Shanghai"/>
    <property name="java.awt.printerjob" value="sun.awt.windows.WPrinterJob"/>
    <property name="java.specification.version" value="1.8"/>
    <property name="file.encoding" value="utf-8"/>
    <property name="user.name" value="USER-20160525XQ$"/>
    <property name="java.class.path" value="D:\java\apache-maven-3.5.0\bin\..\boot\plexus-classworlds-2.5.2.jar"/>
    <property name="java.vm.specification.version" value="1.8"/>
    <property name="sun.arch.data.model" value="64"/>
    <property name="java.home" value="D:\java\jdk1.8.0_121\jre"/>
    <property name="sun.java.command" value="org.codehaus.plexus.classworlds.launcher.Launcher -f D:\java\workspace\ehospital2_auto\pom.xml test"/>
    <property name="java.specification.vendor" value="Oracle Corporation"/>
    <property name="user.language" value="zh"/>
    <property name="awt.toolkit" value="sun.awt.windows.WToolkit"/>
    <property name="java.vm.info" value="mixed mode"/>
    <property name="java.version" value="1.8.0_121"/>
    <property name="java.ext.dirs" value="D:\java\jdk1.8.0_121\jre\lib\ext;C:\WINDOWS\Sun\Java\lib\ext"/>
    <property name="sun.boot.class.path" value="D:\java\jdk1.8.0_121\jre\lib\resources.jar;D:\java\jdk1.8.0_121\jre\lib\rt.jar;D:\java\jdk1.8.0_121\jre\lib\sunrsasign.jar;D:\java\jdk1.8.0_121\jre\lib\jsse.jar;D:\java\jdk1.8.0_121\jre\lib\jce.jar;D:\java\jdk1.8.0_121\jre\lib\charsets.jar;D:\java\jdk1.8.0_121\jre\lib\jfr.jar;D:\java\jdk1.8.0_121\jre\classes"/>
    <property name="java.vendor" value="Oracle Corporation"/>
    <property name="maven.home" value="D:\java\apache-maven-3.5.0\bin\.."/>
    <property name="file.separator" value="\"/>
    <property name="java.vendor.url.bug" value="http://bugreport.sun.com/bugreport/"/>
    <property name="sun.cpu.endian" value="little"/>
    <property name="sun.io.unicode.encoding" value="UnicodeLittle"/>
    <property name="sun.desktop" value="windows"/>
    <property name="sun.cpu.isalist" value="amd64"/>
  </properties>
  <testcase classname="com.witontek.ehospital2.test.DepartmentManageTest" name="insertDepartmentsCategory" time="15.444">
    <failure message="故意断言失败，并中断执行此用例 expected [2] but found [1]" type="java.lang.AssertionError">java.lang.AssertionError: 故意断言失败，并中断执行此用例 expected [2] but found [1]
	at org.testng.Assert.fail(Assert.java:93)
	at org.testng.Assert.failNotEquals(Assert.java:512)
	at org.testng.Assert.assertEqualsImpl(Assert.java:134)
	at org.testng.Assert.assertEquals(Assert.java:115)
	at org.testng.Assert.assertEquals(Assert.java:388)
	at com.witontek.ehospital2.base.Log.errorShot(Log.java:49)
	at com.witontek.ehospital2.base.WebElementsUtils.getElement(WebElementsUtils.java:31)
	at com.witontek.ehospital2.base.WebElementsUtils$1.apply(WebElementsUtils.java:57)
	at com.witontek.ehospital2.base.WebElementsUtils$1.apply(WebElementsUtils.java:54)
	at org.openqa.selenium.support.ui.FluentWait.until(FluentWait.java:209)
	at com.witontek.ehospital2.base.WebElementsUtils.findElement(WebElementsUtils.java:54)
	at com.witontek.ehospital2.base.WebElementsUtils.click(WebElementsUtils.java:69)
	at com.witontek.ehospital2.page.DepartmentManagePage.clickDepManLastPageButton(DepartmentManagePage.java:265)
	at com.witontek.ehospital2.business.DepartmentMange.insertDepartmentsCategory(DepartmentMange.java:59)
	at com.witontek.ehospital2.test.DepartmentManageTest.insertDepartmentsCategory(DepartmentManageTest.java:57)
</failure>
    <system-out>Configuring TestNG with: org.apache.maven.surefire.testng.conf.TestNG652Configurator@2e5c649
11:19:22.591 [main] INFO  com.witontek.ehospital2.base.Log - 【info】com.witontek.ehospital2.base.DriverUtils:打开谷歌浏览器
11:19:23.606 [main] INFO  com.witontek.ehospital2.base.Log - 【info】com.witontek.ehospital2.base.ExcelUtils:读取insertDepartmentsCategory.xlsx文件
11:19:37.173 [main] INFO  com.witontek.ehospital2.base.Log - 【info】com.witontek.ehospital2.base.BrowserUtils:打开网址:http://yltest.witontek.com/ehospital3web/web/admin.html#!/
11:19:37.375 [main] INFO  com.witontek.ehospital2.base.Log - 【info】com.witontek.ehospital2.base.WebElementsUtils:在用户名输入框输入：sqsrmyyadmin
11:19:37.498 [main] INFO  com.witontek.ehospital2.base.Log - 【info】com.witontek.ehospital2.base.WebElementsUtils:在密码输入框输入：admin
11:19:37.638 [main] INFO  com.witontek.ehospital2.base.Log - 【info】com.witontek.ehospital2.base.WebElementsUtils:在验证码输入框输入：1111
11:19:37.871 [main] INFO  com.witontek.ehospital2.base.Log - 【info】com.witontek.ehospital2.base.WebElementsUtils:点击登录按钮
11:19:38.730 [main] INFO  com.witontek.ehospital2.base.Log - 【info】com.witontek.ehospital2.base.WebElementsUtils:点击业务信息管理
11:19:40.553 [main] INFO  com.witontek.ehospital2.base.Log - 【info】com.witontek.ehospital2.base.WebElementsUtils:点击科室管理
11:19:40.851 [main] INFO  com.witontek.ehospital2.base.Log - 【info】com.witontek.ehospital2.base.WebElementsUtils:点击科室管理-新增一级科室按钮
11:19:41.009 [main] INFO  com.witontek.ehospital2.base.Log - 【info】com.witontek.ehospital2.base.WebElementsUtils:在新增一级科室-科室名称输入框输入：睿博一级科室
11:19:41.151 [main] INFO  com.witontek.ehospital2.base.Log - 【info】com.witontek.ehospital2.base.WebElementsUtils:在新增一级科室-科室编码输入框输入：123456
11:19:41.374 [main] INFO  com.witontek.ehospital2.base.Log - 【info】com.witontek.ehospital2.base.WebElementsUtils:点击新增一级科室-保存按钮
11:19:41.656 [main] INFO  com.witontek.ehospital2.base.Log - 【info】com.witontek.ehospital2.base.WebElementsUtils:点击科室管理-弹框关闭按钮
11:19:42.656 [main] INFO  com.witontek.ehospital2.base.Log - 【info】com.witontek.ehospital2.base.BrowserUtils:等待1秒
11:19:52.954 [main] ERROR com.witontek.ehospital2.base.Log - 【error】com.witontek.ehospital2.base.WebElementsUtils:查找科室管理-最末页按钮的网页元素时出错
11:19:53.291 [main] INFO  com.witontek.ehospital2.base.Log - 【info】com.witontek.ehospital2.base.BrowserUtils:截图成功
</system-out>
    <system-err>Starting ChromeDriver 2.29.461591 (62ebf098771772160f391d75e589dc567915b233) on port 39904
Only local connections are allowed.
十一月 13, 2017 11:19:21 上午 org.openqa.selenium.remote.ProtocolHandshake createSession
信息: Detected dialect: OSS
</system-err>
  </testcase>
  <testcase classname="com.witontek.ehospital2.test.DepartmentManageTest" name="moveDownDepartmentCategory" time="2.12"/>
  <testcase classname="com.witontek.ehospital2.test.DepartmentManageTest" name="searchDepartmentCategoryByName" time="0.929"/>
  <testcase classname="com.witontek.ehospital2.test.DepartmentManageTest" name="moveTopDepartmentCategory" time="0.931">
    <skipped/>
  </testcase>
  <testcase classname="com.witontek.ehospital2.test.DepartmentManageTest" name="moveUpDepartmentCategory" time="2.119"/>
  <testcase classname="com.witontek.ehospital2.test.DepartmentManageTest" name="updateDepartmentCategory" time="2.12">
    <skipped/>
  </testcase>
  <testcase classname="com.witontek.ehospital2.test.DepartmentManageTest" name="deleteDepartmentCategory" time="2.121">
    <skipped/>
  </testcase>
  <testcase classname="com.witontek.ehospital2.test.DoctorManageTest" name="searchDocManDoctor" time="1.202">
    <failure message="故意断言失败，并中断执行此用例 expected [2] but found [1]" type="java.lang.AssertionError">java.lang.AssertionError: 故意断言失败，并中断执行此用例 expected [2] but found [1]
	at org.testng.Assert.fail(Assert.java:93)
	at org.testng.Assert.failNotEquals(Assert.java:512)
	at org.testng.Assert.assertEqualsImpl(Assert.java:134)
	at org.testng.Assert.assertEquals(Assert.java:115)
	at org.testng.Assert.assertEquals(Assert.java:388)
	at com.witontek.ehospital2.base.Log.errorShot(Log.java:49)
	at com.witontek.ehospital2.base.WebElementsUtils.click(WebElementsUtils.java:71)
	at com.witontek.ehospital2.page.MainPage.clickDoctorManageButton(MainPage.java:114)
	at com.witontek.ehospital2.business.DoctorManage.searchDocManDoctor(DoctorManage.java:17)
	at com.witontek.ehospital2.test.DoctorManageTest.searchDocManDoctor(DoctorManageTest.java:31)
</failure>
    <system-out>11:20:03.609 [main] INFO  com.witontek.ehospital2.base.Log - 【info】com.witontek.ehospital2.base.BrowserUtils:等待3秒
11:20:04.586 [main] INFO  com.witontek.ehospital2.base.Log - 【info】com.witontek.ehospital2.base.BrowserUtils:退出浏览器
11:20:09.219 [main] INFO  com.witontek.ehospital2.base.Log - 【info】com.witontek.ehospital2.base.DriverUtils:打开谷歌浏览器
11:20:09.510 [main] INFO  com.witontek.ehospital2.base.Log - 【info】com.witontek.ehospital2.base.ExcelUtils:读取searchDocManDoctor.xlsx文件
11:20:24.934 [main] INFO  com.witontek.ehospital2.base.Log - 【info】com.witontek.ehospital2.base.BrowserUtils:打开网址:http://yltest.witontek.com/ehospital3web/web/admin.html#!/
11:20:25.155 [main] INFO  com.witontek.ehospital2.base.Log - 【info】com.witontek.ehospital2.base.WebElementsUtils:在用户名输入框输入：sqsrmyyadmin
11:20:25.269 [main] INFO  com.witontek.ehospital2.base.Log - 【info】com.witontek.ehospital2.base.WebElementsUtils:在密码输入框输入：admin
11:20:25.405 [main] INFO  com.witontek.ehospital2.base.Log - 【info】com.witontek.ehospital2.base.WebElementsUtils:在验证码输入框输入：1111
11:20:25.634 [main] INFO  com.witontek.ehospital2.base.Log - 【info】com.witontek.ehospital2.base.WebElementsUtils:点击登录按钮
11:20:26.320 [main] INFO  com.witontek.ehospital2.base.Log - 【info】com.witontek.ehospital2.base.WebElementsUtils:点击业务信息管理
11:20:26.495 [main] ERROR com.witontek.ehospital2.base.Log - 【error】com.witontek.ehospital2.base.WebElementsUtils:未定位到页面元素，点击医生管理失败
11:20:26.836 [main] INFO  com.witontek.ehospital2.base.Log - 【info】com.witontek.ehospital2.base.BrowserUtils:截图成功
</system-out>
    <system-err>Starting ChromeDriver 2.29.461591 (62ebf098771772160f391d75e589dc567915b233) on port 20082
Only local connections are allowed.
十一月 13, 2017 11:20:07 上午 org.openqa.selenium.remote.ProtocolHandshake createSession
信息: Detected dialect: OSS
</system-err>
  </testcase>
  <testcase classname="com.witontek.ehospital2.test.HospitalInformationTest" name="updateHospitalInformation" time="4.335"/>
  <testcase classname="com.witontek.ehospital2.test.LoginTest" name="loginSuccess" time="14.703"/>
  <testcase classname="com.witontek.ehospital2.test.SecondLevelDepartmentTest" name="searchSecondDepartmentsByName" time="3.519">
    <failure message="故意断言失败，并中断执行此用例 expected [2] but found [1]" type="java.lang.AssertionError">java.lang.AssertionError: 故意断言失败，并中断执行此用例 expected [2] but found [1]
	at org.testng.Assert.fail(Assert.java:93)
	at org.testng.Assert.failNotEquals(Assert.java:512)
	at org.testng.Assert.assertEqualsImpl(Assert.java:134)
	at org.testng.Assert.assertEquals(Assert.java:115)
	at org.testng.Assert.assertEquals(Assert.java:388)
	at com.witontek.ehospital2.base.Log.errorShot(Log.java:49)
	at com.witontek.ehospital2.base.WebElementsUtils.getElement(WebElementsUtils.java:44)
	at com.witontek.ehospital2.base.WebElementsUtils$1.apply(WebElementsUtils.java:57)
	at com.witontek.ehospital2.base.WebElementsUtils$1.apply(WebElementsUtils.java:54)
	at org.openqa.selenium.support.ui.FluentWait.until(FluentWait.java:209)
	at com.witontek.ehospital2.base.WebElementsUtils.findElement(WebElementsUtils.java:54)
	at com.witontek.ehospital2.base.WebElementsUtils.getText(WebElementsUtils.java:118)
	at com.witontek.ehospital2.page.SecondLevelDepartmentPage.getSecLevFirstDepartmentName(SecondLevelDepartmentPage.java:162)
	at com.witontek.ehospital2.business.SecondLevelDepartment.searchSecondDepartmentsByName(SecondLevelDepartment.java:23)
	at com.witontek.ehospital2.test.SecondLevelDepartmentTest.searchSecondDepartmentsByName(SecondLevelDepartmentTest.java:32)
</failure>
    <system-out>11:21:18.728 [main] INFO  com.witontek.ehospital2.base.Log - 【info】com.witontek.ehospital2.base.BrowserUtils:等待3秒
11:21:19.579 [main] INFO  com.witontek.ehospital2.base.Log - 【info】com.witontek.ehospital2.base.BrowserUtils:退出浏览器
11:21:23.006 [main] INFO  com.witontek.ehospital2.base.Log - 【info】com.witontek.ehospital2.base.DriverUtils:打开谷歌浏览器
11:21:23.137 [main] INFO  com.witontek.ehospital2.base.Log - 【info】com.witontek.ehospital2.base.ExcelUtils:读取searchSecondDepartmentsByName.xlsx文件
11:21:37.940 [main] INFO  com.witontek.ehospital2.base.Log - 【info】com.witontek.ehospital2.base.BrowserUtils:打开网址:http://yltest.witontek.com/ehospital3web/web/admin.html#!/
11:21:38.128 [main] INFO  com.witontek.ehospital2.base.Log - 【info】com.witontek.ehospital2.base.WebElementsUtils:在用户名输入框输入：sqsrmyyadmin
11:21:38.250 [main] INFO  com.witontek.ehospital2.base.Log - 【info】com.witontek.ehospital2.base.WebElementsUtils:在密码输入框输入：admin
11:21:38.385 [main] INFO  com.witontek.ehospital2.base.Log - 【info】com.witontek.ehospital2.base.WebElementsUtils:在验证码输入框输入：1111
11:21:38.605 [main] INFO  com.witontek.ehospital2.base.Log - 【info】com.witontek.ehospital2.base.WebElementsUtils:点击登录按钮
11:21:39.242 [main] INFO  com.witontek.ehospital2.base.Log - 【info】com.witontek.ehospital2.base.WebElementsUtils:点击业务信息管理
11:21:41.023 [main] INFO  com.witontek.ehospital2.base.Log - 【info】com.witontek.ehospital2.base.WebElementsUtils:点击科室管理
11:21:41.292 [main] INFO  com.witontek.ehospital2.base.Log - 【info】com.witontek.ehospital2.base.WebElementsUtils:点击科室管理-查看二级科室按钮
11:21:41.429 [main] INFO  com.witontek.ehospital2.base.Log - 【info】com.witontek.ehospital2.base.WebElementsUtils:在二级科室管理-科室名称输入框输入：科
11:21:41.672 [main] INFO  com.witontek.ehospital2.base.Log - 【info】com.witontek.ehospital2.base.WebElementsUtils:点击二级科室管理-搜索科室按钮
11:21:41.806 [main] ERROR com.witontek.ehospital2.base.Log - 【error】com.witontek.ehospital2.base.WebElementsUtils:查找二级科室管理-序号1的二级科室名称带索引的网页元素时出错
11:21:42.123 [main] INFO  com.witontek.ehospital2.base.Log - 【info】com.witontek.ehospital2.base.BrowserUtils:截图成功
</system-out>
    <system-err>Starting ChromeDriver 2.29.461591 (62ebf098771772160f391d75e589dc567915b233) on port 45630
Only local connections are allowed.
十一月 13, 2017 11:21:21 上午 org.openqa.selenium.remote.ProtocolHandshake createSession
信息: Detected dialect: OSS
</system-err>
  </testcase>
  <testcase classname="com.witontek.ehospital2.test.SubscriptionManageTest" name="selectSubscriptionDate" time="4.717"/>
</testsuite>