<?xml version="1.0" encoding="UTF-8" ?>
<testsuite tests="5" failures="0" name="TestSuite" time="27.086" errors="0" skipped="0">
  <properties>
    <property name="java.vendor" value="Oracle Corporation"/>
    <property name="JOB_NAME" value="ehospital2_auto"/>
    <property name="sun.java.launcher" value="SUN_STANDARD"/>
    <property name="windows_tracing_logfile" value="C:\BVTBin\Tests\installpackage\csilogfile.log"/>
    <property name="NUMBER_OF_PROCESSORS" value="4"/>
    <property name="sun.management.compiler" value="HotSpot 64-Bit Tiered Compilers"/>
    <property name="JENKINS_HOME" value="D:\java\apache-tomcat-9.0.0.M26\webapps\Jenkins"/>
    <property name="HUDSON_SERVER_COOKIE" value="5427e385fb092152"/>
    <property name="POM_ARTIFACTID" value="ehospital2"/>
    <property name="os.name" value="Windows 10"/>
    <property name="sun.boot.class.path" value="D:\java\jdk1.8.0_121\jre\lib\resources.jar;D:\java\jdk1.8.0_121\jre\lib\rt.jar;D:\java\jdk1.8.0_121\jre\lib\sunrsasign.jar;D:\java\jdk1.8.0_121\jre\lib\jsse.jar;D:\java\jdk1.8.0_121\jre\lib\jce.jar;D:\java\jdk1.8.0_121\jre\lib\charsets.jar;D:\java\jdk1.8.0_121\jre\lib\jfr.jar;D:\java\jdk1.8.0_121\jre\classes"/>
    <property name="EXECUTOR_NUMBER" value="1"/>
    <property name="sun.desktop" value="windows"/>
    <property name="PATHEXT" value=".COM;.EXE;.BAT;.CMD;.VBS;.VBE;.JS;.JSE;.WSF;.WSH;.MSC;.PY;.PYM"/>
    <property name="java.vm.specification.vendor" value="Oracle Corporation"/>
    <property name="POM_DISPLAYNAME" value="ehospital2"/>
    <property name="NODE_LABELS" value="master"/>
    <property name="TEMP" value="C:\WINDOWS\TEMP"/>
    <property name="java.runtime.version" value="1.8.0_121-b13"/>
    <property name="ANT_HOME" value="D:\java\apache-ant-1.10.1"/>
    <property name="user.name" value="USER-20160525XQ$"/>
    <property name="guice.disable.misplaced.annotation.check" value="true"/>
    <property name="CommonProgramW6432" value="C:\Program Files\Common Files"/>
    <property name="ProgramFiles" value="C:\Program Files"/>
    <property name="user.language" value="zh"/>
    <property name="JOB_BASE_NAME" value="ehospital2_auto"/>
    <property name="RUN_CHANGES_DISPLAY_URL" value="http://localhost:8080/jenkins/job/ehospital2_auto/5/display/redirect?page=changes"/>
    <property name="BUILD_DISPLAY_NAME" value="#5"/>
    <property name="sun.boot.library.path" value="D:\java\jdk1.8.0_121\jre\bin"/>
    <property name="LOCALAPPDATA" value="C:\WINDOWS\system32\config\systemprofile\AppData\Local"/>
    <property name="java.version" value="1.8.0_121"/>
    <property name="JAVA_TOOL_OPTIONS" value="-Dfile.encoding=utf-8"/>
    <property name="PROCESSOR_LEVEL" value="6"/>
    <property name="user.timezone" value="Asia/Shanghai"/>
    <property name="USERNAME" value="USER-20160525XQ$"/>
    <property name="sun.arch.data.model" value="64"/>
    <property name="NODE_NAME" value="master"/>
    <property name="java.endorsed.dirs" value="D:\java\jdk1.8.0_121\jre\lib\endorsed"/>
    <property name="BUILD_ID" value="5"/>
    <property name="sun.cpu.isalist" value="amd64"/>
    <property name="sun.jnu.encoding" value="GBK"/>
    <property name="file.encoding.pkg" value="sun.io"/>
    <property name="file.separator" value="\"/>
    <property name="java.specification.name" value="Java Platform API Specification"/>
    <property name="maven.conf" value="D:\java\apache-maven-3.5.0\conf"/>
    <property name="java.class.version" value="52.0"/>
    <property name="org.slf4j.simpleLogger.defaultLogLevel" value="info"/>
    <property name="user.country" value="CN"/>
    <property name="ALLUSERSPROFILE" value="C:\ProgramData"/>
    <property name="java.home" value="D:\java\jdk1.8.0_121\jre"/>
    <property name="java.vm.info" value="mixed mode"/>
    <property name="os.version" value="10.0"/>
    <property name="CATALINA_HOME" value="D:\java\apache-tomcat-9.0.0.M26"/>
    <property name="RUN_DISPLAY_URL" value="http://localhost:8080/jenkins/job/ehospital2_auto/5/display/redirect"/>
    <property name="POM_VERSION" value="0.0.1-SNAPSHOT"/>
    <property name="TMP" value="C:\WINDOWS\TEMP"/>
    <property name="path.separator" value=";"/>
    <property name="java.vm.version" value="25.121-b13"/>
    <property name="user.variant" value=""/>
    <property name="JOB_DISPLAY_URL" value="http://localhost:8080/jenkins/job/ehospital2_auto/display/redirect"/>
    <property name="CommonProgramFiles(x86)" value="C:\Program Files (x86)\Common Files"/>
    <property name="java.awt.printerjob" value="sun.awt.windows.WPrinterJob"/>
    <property name="FP_NO_HOST_CHECK" value="NO"/>
    <property name="JAVA_HOME" value="D:\java\jdk1.8.0_121"/>
    <property name="sun.io.unicode.encoding" value="UnicodeLittle"/>
    <property name="CommonProgramFiles" value="C:\Program Files\Common Files"/>
    <property name="ComSpec" value="C:\WINDOWS\system32\cmd.exe"/>
    <property name="awt.toolkit" value="sun.awt.windows.WToolkit"/>
    <property name="POM_PACKAGING" value="jar"/>
    <property name="asl.log" value="Destination=file"/>
    <property name="COMPUTERNAME" value="USER-20160525XQ"/>
    <property name="user.script" value=""/>
    <property name="POM_GROUPID" value="com.witontek"/>
    <property name="user.home" value="C:\WINDOWS\system32\config\systemprofile"/>
    <property name="PUBLIC" value="C:\Users\Public"/>
    <property name="BUILD_TAG" value="jenkins-ehospital2_auto-5"/>
    <property name="JENKINS_SERVER_COOKIE" value="5427e385fb092152"/>
    <property name="HUDSON_URL" value="http://localhost:8080/jenkins/"/>
    <property name="_DFX_INSTALL_UNSIGNED_DRIVER" value="1"/>
    <property name="ProgramData" value="C:\ProgramData"/>
    <property name="java.specification.vendor" value="Oracle Corporation"/>
    <property name="USERPROFILE" value="C:\WINDOWS\system32\config\systemprofile"/>
    <property name="CLASSPATH" value=""/>
    <property name="java.vendor.url" value="http://java.oracle.com/"/>
    <property name="java.library.path" value="D:\java\jdk1.8.0_121\bin;C:\WINDOWS\Sun\Java\bin;C:\WINDOWS\system32;C:\WINDOWS;D:\java\apache-maven-3.5.0/bin;D:\java\jdk1.8.0_121/bin;D:\java\jdk1.8.0_121/bin;C:\ProgramData\Oracle\Java\javapath;C:\WINDOWS\system32;C:\WINDOWS;C:\WINDOWS\System32\Wbem;C:\WINDOWS\System32\WindowsPowerShell\v1.0\;C:\Program Files\WIDCOMM\Bluetooth Software\;C:\Program Files\WIDCOMM\Bluetooth Software\syswow64;D:\java\jdk1.8.0_121\bin;D:\java\jdk1.8.0_121\jre\bin;C:\Python27\;C:\Python27\Scripts;D:\ruanjian\Git1\cmd;C:\Program Files (x86)\Git\cmd;C:\Program Files (x86)\GitExtensions\;D:\ruanjian\TortoiseGit\bin;D:\java\nodejs\;C:\Users\Administrator\AppData\Roaming\npm;D:\java\apache-tomcat-9.0.0.M26\webapps\Jenkins;D:\java\apache-ant-1.10.1\bin;D:\java\apache-tomcat-9.0.0.M26\bin;D:\java\apache-tomcat-9.0.0.M26\lib;C:\WINDOWS\system32\config\systemprofile\AppData\Local\Microsoft\WindowsApps;."/>
    <property name="java.vm.vendor" value="Oracle Corporation"/>
    <property name="APPDATA" value="C:\WINDOWS\system32\config\systemprofile\AppData\Roaming"/>
    <property name="JMETER_HOME" value="D:\java\apache-jmeter-3.2"/>
    <property name="java.runtime.name" value="Java(TM) SE Runtime Environment"/>
    <property name="maven.home" value="D:\java\apache-maven-3.5.0"/>
    <property name="java.class.path" value="D:\java\apache-tomcat-9.0.0.M26\webapps\Jenkins\plugins\maven-plugin\WEB-INF\lib\maven35-agent-1.12-alpha-1.jar;D:\java\apache-maven-3.5.0\boot\plexus-classworlds-2.5.2.jar;D:\java\apache-maven-3.5.0/conf/logging"/>
    <property name="sun.java.command" value="jenkins.maven3.agent.Maven35Main D:\java\apache-maven-3.5.0 D:\java\apache-tomcat-9.0.0.M26\webapps\jenkins\WEB-INF\lib\remoting-3.10.2.jar D:\java\apache-tomcat-9.0.0.M26\webapps\Jenkins\plugins\maven-plugin\WEB-INF\lib\maven35-interceptor-1.12-alpha-1.jar D:\java\apache-tomcat-9.0.0.M26\webapps\Jenkins\plugins\maven-plugin\WEB-INF\lib\maven3-interceptor-commons-1.12-alpha-1.jar 51047"/>
    <property name="Path" value="D:\java\jdk1.8.0_121/bin;C:\ProgramData\Oracle\Java\javapath;C:\WINDOWS\system32;C:\WINDOWS;C:\WINDOWS\System32\Wbem;C:\WINDOWS\System32\WindowsPowerShell\v1.0\;C:\Program Files\WIDCOMM\Bluetooth Software\;C:\Program Files\WIDCOMM\Bluetooth Software\syswow64;D:\java\jdk1.8.0_121\bin;D:\java\jdk1.8.0_121\jre\bin;C:\Python27\;C:\Python27\Scripts;D:\ruanjian\Git1\cmd;C:\Program Files (x86)\Git\cmd;C:\Program Files (x86)\GitExtensions\;D:\ruanjian\TortoiseGit\bin;D:\java\nodejs\;C:\Users\Administrator\AppData\Roaming\npm;D:\java\apache-tomcat-9.0.0.M26\webapps\Jenkins;D:\java\apache-ant-1.10.1\bin;D:\java\apache-tomcat-9.0.0.M26\bin;D:\java\apache-tomcat-9.0.0.M26\lib;C:\WINDOWS\system32\config\systemprofile\AppData\Local\Microsoft\WindowsApps"/>
    <property name="java.vm.specification.name" value="Java Virtual Machine Specification"/>
    <property name="PROCESSOR_ARCHITECTURE" value="AMD64"/>
    <property name="PATH+JDK" value="D:\java\jdk1.8.0_121/bin"/>
    <property name="PROCESSOR_IDENTIFIER" value="Intel64 Family 6 Model 58 Stepping 9, GenuineIntel"/>
    <property name="java.vm.specification.version" value="1.8"/>
    <property name="sun.os.patch.level" value=""/>
    <property name="sun.cpu.endian" value="little"/>
    <property name="M2_HOME" value="D:\java\apache-maven-3.5.0"/>
    <property name="java.io.tmpdir" value="C:\WINDOWS\TEMP\"/>
    <property name="OS" value="Windows_NT"/>
    <property name="HUDSON_HOME" value="D:\java\apache-tomcat-9.0.0.M26\webapps\Jenkins"/>
    <property name="PATH+MAVEN" value="D:\java\apache-maven-3.5.0/bin"/>
    <property name="ProgramFiles(x86)" value="C:\Program Files (x86)"/>
    <property name="BUILD_URL" value="http://localhost:8080/jenkins/job/ehospital2_auto/5/"/>
    <property name="java.vendor.url.bug" value="http://bugreport.sun.com/bugreport/"/>
    <property name="java.awt.graphicsenv" value="sun.awt.Win32GraphicsEnvironment"/>
    <property name="os.arch" value="amd64"/>
    <property name="SystemRoot" value="C:\WINDOWS"/>
    <property name="windows_tracing_flags" value="3"/>
    <property name="java.ext.dirs" value="D:\java\jdk1.8.0_121\jre\lib\ext;C:\WINDOWS\Sun\Java\lib\ext"/>
    <property name="user.dir" value="D:\java\workspace\ehospital2_auto"/>
    <property name="JOB_URL" value="http://localhost:8080/jenkins/job/ehospital2_auto/"/>
    <property name="USERDOMAIN" value="WORKGROUP"/>
    <property name="line.separator" value="
"/>
    <property name="MAVEN_HOME" value="D:\java\apache-maven-3.5.0"/>
    <property name="java.vm.name" value="Java HotSpot(TM) 64-Bit Server VM"/>
    <property name="BUILD_NUMBER" value="5"/>
    <property name="JENKINS_URL" value="http://localhost:8080/jenkins/"/>
    <property name="PROCESSOR_REVISION" value="3a09"/>
    <property name="ProgramW6432" value="C:\Program Files"/>
    <property name="windir" value="C:\WINDOWS"/>
    <property name="file.encoding" value="utf-8"/>
    <property name="SystemDrive" value="C:"/>
    <property name="maven3.interceptor" value="D:\java\apache-tomcat-9.0.0.M26\webapps\Jenkins\plugins\maven-plugin\WEB-INF\lib\maven35-interceptor-1.12-alpha-1.jar"/>
    <property name="WORKSPACE" value="D:\java\apache-tomcat-9.0.0.M26\webapps\Jenkins\workspace\ehospital2_auto"/>
    <property name="maven3.interceptor.common" value="D:\java\apache-tomcat-9.0.0.M26\webapps\Jenkins\plugins\maven-plugin\WEB-INF\lib\maven3-interceptor-commons-1.12-alpha-1.jar"/>
    <property name="java.specification.version" value="1.8"/>
    <property name="PSModulePath" value="C:\WINDOWS\system32\WindowsPowerShell\v1.0\Modules\;D:\Program Files (x86)\AutoIt3\AutoItX;D:\java\AutoIt3\AutoItX"/>
  </properties>
  <testcase classname="com.witontek.ehospital2.test.DepartmentManageTest" name="searchDepManDepartment" time="3.273"/>
  <testcase classname="com.witontek.ehospital2.test.DoctorManageTest" name="searchDocManDoctor" time="3.026"/>
  <testcase classname="com.witontek.ehospital2.test.HospitalInformationTest" name="updateHospitalInformation" time="4.63"/>
  <testcase classname="com.witontek.ehospital2.test.LoginTest" name="loginSuccess" time="13.206"/>
  <testcase classname="com.witontek.ehospital2.test.SubscriptionManageTest" name="selectSubscriptionDate" time="2.951"/>
</testsuite>