<?xml version="1.0" encoding="UTF-8"?>
<!-- Generated by org.testng.reporters.JUnitReportReporter -->
<testsuite skipped="0" hostname="USER-20160525XQ" name="com.witontek.ehospital2.test.demo_04" tests="1" failures="0" timestamp="04 九月 2017 08:16:41 GMT" time="0.015" errors="0">
  <testcase name="test" time="0.015" classname="com.witontek.ehospital2.test.demo_04"/>
</testsuite> <!-- com.witontek.ehospital2.test.demo_04 -->
