<?xml version="1.0" encoding="UTF-8"?>
<!-- Generated by org.testng.reporters.JUnitReportReporter -->
<testsuite skipped="0" hostname="USER-20160525XQ" name="com.witontek.ehospital2.test.demo_03" tests="1" failures="0" timestamp="27 九月 2017 12:15:10 GMT" time="14.409" errors="0">
  <testcase name="test" time="14.409" classname="com.witontek.ehospital2.test.demo_03"/>
</testsuite> <!-- com.witontek.ehospital2.test.demo_03 -->
