<?xml version="1.0" encoding="UTF-8"?>
<!-- Generated by org.testng.reporters.JUnitReportReporter -->
<testsuite skipped="0" hostname="USER-20160525XQ" name="com.witontek.ehospital2.test.LoginSuccess" tests="2" failures="0" timestamp="05 九月 2017 04:25:30 GMT" time="0.026" errors="0">
  <testcase name="a_test2" time="0.016" classname="com.witontek.ehospital2.test.LoginSuccess"/>
  <testcase name="b_test1" time="0.010" classname="com.witontek.ehospital2.test.LoginSuccess"/>
</testsuite> <!-- com.witontek.ehospital2.test.LoginSuccess -->
