<?xml version="1.0" encoding="UTF-8"?>
<!-- Generated by org.testng.reporters.JUnitReportReporter -->
<testsuite skipped="0" hostname="USER-20160525XQ" name="com.witontek.ehospital2.test.LoginTest" tests="3" failures="0" timestamp="27 九月 2017 12:15:10 GMT" time="16.610" errors="0">
  <testcase name="loginFail" time="1.145" classname="com.witontek.ehospital2.test.LoginTest"/>
  <testcase name="loginSuccess" time="10.659" classname="com.witontek.ehospital2.test.LoginTest"/>
  <testcase name="loginFail" time="4.806" classname="com.witontek.ehospital2.test.LoginTest"/>
</testsuite> <!-- com.witontek.ehospital2.test.LoginTest -->
