<?xml version="1.0" encoding="UTF-8"?>
<!-- Generated by org.testng.reporters.JUnitReportReporter -->
<testsuite skipped="0" hostname="USER-20160525XQ" name="com.witontek.ehospital2.test.LoginTest" tests="1" failures="0" timestamp="07 十二月 2017 06:13:36 GMT" time="17.443" errors="0">
  <testcase name="loginSuccess" time="17.443" classname="com.witontek.ehospital2.test.LoginTest"/>
</testsuite> <!-- com.witontek.ehospital2.test.LoginTest -->
