<?xml version="1.0" encoding="UTF-8"?>
<!-- Generated by org.testng.reporters.JUnitReportReporter -->
<testsuite skipped="0" hostname="USER-20160525XQ" name="com.witontek.ehospital2.test.DoctorManageTest" tests="1" failures="0" timestamp="13 十一月 2017 01:40:40 GMT" time="19.469" errors="0">
  <testcase name="searchDocManDoctor" time="19.469" classname="com.witontek.ehospital2.test.DoctorManageTest"/>
</testsuite> <!-- com.witontek.ehospital2.test.DoctorManageTest -->
