<?xml version="1.0" encoding="UTF-8"?>
<!-- Generated by org.testng.reporters.JUnitReportReporter -->
<testsuite skipped="0" hostname="USER-20160525XQ" name="com.witontek.ehospital2.test.DoctorManageTest" tests="1" failures="0" timestamp="10 十一月 2017 01:18:50 GMT" time="18.981" errors="0">
  <testcase name="searchDocManDoctor" time="18.981" classname="com.witontek.ehospital2.test.DoctorManageTest"/>
</testsuite> <!-- com.witontek.ehospital2.test.DoctorManageTest -->
