<?xml version="1.0" encoding="UTF-8"?>
<!-- Generated by org.testng.reporters.JUnitReportReporter -->
<testsuite skipped="1" hostname="USER-20160525XQ" name="com.witontek.ehospital2.test.DepartmentManageTest" tests="2" failures="0" timestamp="10 十一月 2017 01:18:50 GMT" time="19.689" errors="0">
  <testcase name="searchDepartmentCategoryByName" time="19.689" classname="com.witontek.ehospital2.test.DepartmentManageTest"/>
  <testcase name="insertDepartmentsCategory" classname="com.witontek.ehospital2.test.DepartmentManageTest">
    <skipped/>
  </testcase> <!-- insertDepartmentsCategory -->
</testsuite> <!-- com.witontek.ehospital2.test.DepartmentManageTest -->
