<?xml version="1.0" encoding="UTF-8"?>
<!-- Generated by org.testng.reporters.JUnitReportReporter -->
<testsuite skipped="3" hostname="USER-20160525XQ" name="com.witontek.ehospital2.test.DepartmentManageTest" tests="7" failures="0" timestamp="13 十一月 2017 01:40:40 GMT" time="37.810" errors="0">
  <testcase name="moveTopDepartmentCategory" time="20.167" classname="com.witontek.ehospital2.test.DepartmentManageTest"/>
  <testcase name="deleteDepartmentCategory" time="3.951" classname="com.witontek.ehospital2.test.DepartmentManageTest"/>
  <testcase name="insertDepartmentsCategory" time="8.161" classname="com.witontek.ehospital2.test.DepartmentManageTest"/>
  <testcase name="updateDepartmentCategory" time="5.531" classname="com.witontek.ehospital2.test.DepartmentManageTest"/>
  <testcase name="moveUpDepartmentCategory" classname="com.witontek.ehospital2.test.DepartmentManageTest">
    <skipped/>
  </testcase> <!-- moveUpDepartmentCategory -->
  <testcase name="searchDepartmentCategoryByName" classname="com.witontek.ehospital2.test.DepartmentManageTest">
    <skipped/>
  </testcase> <!-- searchDepartmentCategoryByName -->
  <testcase name="moveDownDepartmentCategory" classname="com.witontek.ehospital2.test.DepartmentManageTest">
    <skipped/>
  </testcase> <!-- moveDownDepartmentCategory -->
</testsuite> <!-- com.witontek.ehospital2.test.DepartmentManageTest -->
