<?xml version="1.0" encoding="UTF-8"?>
<!-- Generated by org.testng.reporters.JUnitReportReporter -->
<testsuite skipped="0" hostname="USER-20160525XQ" name="com.witontek.ehospital2.test.SubscriptionManageTest" tests="1" failures="0" timestamp="05 十一月 2017 09:04:04 GMT" time="17.686" errors="0">
  <testcase name="selectSubscriptionDate" time="17.686" classname="com.witontek.ehospital2.test.SubscriptionManageTest"/>
</testsuite> <!-- com.witontek.ehospital2.test.SubscriptionManageTest -->
