<?xml version="1.0" encoding="UTF-8"?>
<!-- Generated by org.testng.reporters.JUnitReportReporter -->
<testsuite skipped="0" hostname="DESKTOP-26I71CM" name="com.witontek.ehospital2.test.DoctorManageTest" tests="1" failures="0" timestamp="08 十一月 2017 16:54:50 GMT" time="20.163" errors="0">
  <testcase name="searchDocManDoctor" time="20.163" classname="com.witontek.ehospital2.test.DoctorManageTest"/>
</testsuite> <!-- com.witontek.ehospital2.test.DoctorManageTest -->
