<?xml version="1.0" encoding="UTF-8"?>
<!-- Generated by org.testng.reporters.JUnitReportReporter -->
<testsuite skipped="0" hostname="USER-20160525XQ" name="com.witontek.ehospital2.test.HospitalInformationTest" tests="1" failures="0" timestamp="10 十一月 2017 01:18:50 GMT" time="20.113" errors="0">
  <testcase name="updateHospitalInformation" time="20.113" classname="com.witontek.ehospital2.test.HospitalInformationTest"/>
</testsuite> <!-- com.witontek.ehospital2.test.HospitalInformationTest -->
