<?xml version="1.0" encoding="UTF-8"?>
<!-- Generated by org.testng.reporters.JUnitReportReporter -->
<testsuite skipped="0" hostname="DESKTOP-26I71CM" name="com.witontek.ehospital2.test.HospitalInformationTest" tests="1" failures="0" timestamp="06 十一月 2017 17:34:02 GMT" time="36.585" errors="0">
  <testcase name="updateHospitalInformation" time="36.585" classname="com.witontek.ehospital2.test.HospitalInformationTest"/>
</testsuite> <!-- com.witontek.ehospital2.test.HospitalInformationTest -->
